  ConsoleApplication1.cpp
c:\users\церен\desktop\лабы по оаип\4\consoleapplication1\consoleapplication1\consoleapplication1.cpp(4): warning C4603: _CRT_SECURE_NO_WARNINGS: макрос не определен или определение изменилось после использования предкомпилированного заголовка
  c:\users\церен\desktop\лабы по оаип\4\consoleapplication1\consoleapplication1\consoleapplication1.cpp(4): note: Добавление макроопределения в предкомпилированный заголовок вместо определения его здесь
  c:\users\церен\desktop\лабы по оаип\4\consoleapplication1\consoleapplication1\consoleapplication1.cpp(10): note: использование предварительно скомпилированного заголовка
c:\users\церен\desktop\лабы по оаип\4\consoleapplication1\consoleapplication1\consoleapplication1.cpp(6): warning C4603: SOURCE_FILE: макрос не определен или определение изменилось после использования предкомпилированного заголовка
  c:\users\церен\desktop\лабы по оаип\4\consoleapplication1\consoleapplication1\consoleapplication1.cpp(6): note: Добавление макроопределения в предкомпилированный заголовок вместо определения его здесь
  c:\users\церен\desktop\лабы по оаип\4\consoleapplication1\consoleapplication1\consoleapplication1.cpp(10): note: использование предварительно скомпилированного заголовка
c:\users\церен\desktop\лабы по оаип\4\consoleapplication1\consoleapplication1\consoleapplication1.cpp(7): warning C4603: OUTPUT_FILE: макрос не определен или определение изменилось после использования предкомпилированного заголовка
  c:\users\церен\desktop\лабы по оаип\4\consoleapplication1\consoleapplication1\consoleapplication1.cpp(7): note: Добавление макроопределения в предкомпилированный заголовок вместо определения его здесь
  c:\users\церен\desktop\лабы по оаип\4\consoleapplication1\consoleapplication1\consoleapplication1.cpp(10): note: использование предварительно скомпилированного заголовка
c:\users\церен\desktop\лабы по оаип\4\consoleapplication1\consoleapplication1\consoleapplication1.cpp(9): warning C4603: MAX_LENGTH: макрос не определен или определение изменилось после использования предкомпилированного заголовка
  c:\users\церен\desktop\лабы по оаип\4\consoleapplication1\consoleapplication1\consoleapplication1.cpp(9): note: Добавление макроопределения в предкомпилированный заголовок вместо определения его здесь
  c:\users\церен\desktop\лабы по оаип\4\consoleapplication1\consoleapplication1\consoleapplication1.cpp(10): note: использование предварительно скомпилированного заголовка
c:\users\церен\desktop\лабы по оаип\4\consoleapplication1\consoleapplication1\consoleapplication1.cpp(23): error C2065: MAX_LENGTH: необъявленный идентификатор
c:\users\церен\desktop\лабы по оаип\4\consoleapplication1\consoleapplication1\consoleapplication1.cpp(25): error C2065: SOURCE_FILE: необъявленный идентификатор
c:\users\церен\desktop\лабы по оаип\4\consoleapplication1\consoleapplication1\consoleapplication1.cpp(26): error C2065: SOURCE_FILE: необъявленный идентификатор
c:\users\церен\desktop\лабы по оаип\4\consoleapplication1\consoleapplication1\consoleapplication1.cpp(28): error C2065: OUTPUT_FILE: необъявленный идентификатор
c:\users\церен\desktop\лабы по оаип\4\consoleapplication1\consoleapplication1\consoleapplication1.cpp(29): error C2065: OUTPUT_FILE: необъявленный идентификатор
c:\users\церен\desktop\лабы по оаип\4\consoleapplication1\consoleapplication1\consoleapplication1.cpp(32): error C4996: 'fscanf': This function or variable may be unsafe. Consider using fscanf_s instead. To disable deprecation, use _CRT_SECURE_NO_WARNINGS. See online help for details.
  c:\program files (x86)\windows kits\10\include\10.0.16299.0\ucrt\stdio.h(1195): note:  см. объявление "fscanf"
